<?xml version="1.0" encoding="UTF-8"?>
<!-- Generated by org.testng.reporters.JUnitReportReporter -->
<testsuite hostname="AlexXxN13PC" name="Test.AutoTests" tests="9" failures="0" timestamp="30 May 2016 05:46:23 GMT" time="218.308" errors="0">
  <testcase name="DelFromFavor" time="32.578" classname="Test.AutoTests"/>
  <testcase name="Sort" time="32.024" classname="Test.AutoTests"/>
  <testcase name="AddTOFavor" time="28.585" classname="Test.AutoTests"/>
  <testcase name="Search" time="16.418" classname="Test.AutoTests"/>
  <testcase name="logOutSecond" time="20.525" classname="Test.AutoTests"/>
  <testcase name="Comment" time="32.132" classname="Test.AutoTests"/>
  <testcase name="changePassorwd" time="21.724" classname="Test.AutoTests"/>
  <testcase name="ChangeSettings" time="19.715" classname="Test.AutoTests"/>
  <testcase name="logInSecond" time="14.607" classname="Test.AutoTests"/>
</testsuite> <!-- Test.AutoTests -->
